<?xml version="1.0" encoding="UTF-8"?>
<!-- Generated by org.testng.reporters.JUnitReportReporter -->
<testsuite hostname="User-PC" name="sampl.TestCasesAuth" tests="1" failures="0" timestamp="7 Jun 2018 00:06:01 GMT" time="26.845" errors="0">
  <testcase name="authorization" time="26.845" classname="sampl.TestCasesAuth"/>
</testsuite> <!-- sampl.TestCasesAuth -->
