<?xml version="1.0" encoding="UTF-8"?>
<!-- Generated by org.testng.reporters.JUnitReportReporter -->
<testsuite hostname="sergey-pc" name="sampl.SampleTest" tests="1" failures="0" timestamp="7 Jun 2018 11:55:51 GMT" time="7.694" errors="0">
  <testcase name="testSendMail" time="7.694" classname="sampl.SampleTest"/>
</testsuite> <!-- sampl.SampleTest -->
